<?xml version="1.0" encoding="UTF-8"?>
<!-- Generated by org.testng.reporters.JUnitReportReporter -->
<testsuite skipped="0" hostname="ndi-lap-841" name="SelectHotelTC.HomePageTC" tests="1" failures="0" timestamp="2020-10-13T22:59:45 IST" time="1.381" errors="0">
  <testcase name="verifyRoomCategoryOperation6" time="1.381" classname="SelectHotelTC.HomePageTC"/>
</testsuite> <!-- SelectHotelTC.HomePageTC -->
