<?xml version="1.0" encoding="UTF-8"?>
<!-- Generated by org.testng.reporters.JUnitReportReporter -->
<testsuite skipped="6" hostname="ndi-lap-841" name="SelectHotelTC.HomePageTC2" tests="8" failures="0" timestamp="2020-10-14T07:41:36 IST" time="0.009" errors="2">
  <testcase name="verifyRoomCategoryOperation4" time="0.002" classname="SelectHotelTC.HomePageTC2">
    <skipped/>
  </testcase> <!-- verifyRoomCategoryOperation4 -->
  <testcase name="verifyRoomTypeOptions" time="0.000" classname="SelectHotelTC.HomePageTC2">
    <skipped/>
  </testcase> <!-- verifyRoomTypeOptions -->
  <testcase name="verifyRoomCategoryOperation6" time="0.000" classname="SelectHotelTC.HomePageTC2">
    <skipped/>
  </testcase> <!-- verifyRoomCategoryOperation6 -->
  <testcase name="afterMethod" time="0.001" classname="SelectHotelTC.HomePageTC2">
    <error type="java.lang.NullPointerException">
      <![CDATA[java.lang.NullPointerException
at SelectHotelTC.BaseTestCase.afterMethod(BaseTestCase.java:115)
at sun.reflect.NativeMethodAccessorImpl.invoke0(Native Method)
at sun.reflect.NativeMethodAccessorImpl.invoke(Unknown Source)
at sun.reflect.DelegatingMethodAccessorImpl.invoke(Unknown Source)
at java.lang.reflect.Method.invoke(Unknown Source)
at org.testng.internal.MethodInvocationHelper.invokeMethod(MethodInvocationHelper.java:133)
at org.testng.internal.MethodInvocationHelper.invokeMethodConsideringTimeout(MethodInvocationHelper.java:62)
at org.testng.internal.ConfigInvoker.invokeConfigurationMethod(ConfigInvoker.java:340)
at org.testng.internal.ConfigInvoker.invokeConfigurations(ConfigInvoker.java:294)
at org.testng.internal.TestInvoker.runConfigMethods(TestInvoker.java:683)
at org.testng.internal.TestInvoker.runAfterGroupsConfigurations(TestInvoker.java:658)
at org.testng.internal.TestInvoker.invokeMethod(TestInvoker.java:642)
at org.testng.internal.TestInvoker.invokeTestMethod(TestInvoker.java:172)
at org.testng.internal.MethodRunner.runInSequence(MethodRunner.java:46)
at org.testng.internal.TestInvoker$MethodInvocationAgent.invoke(TestInvoker.java:804)
at org.testng.internal.TestInvoker.invokeTestMethods(TestInvoker.java:145)
at org.testng.internal.TestMethodWorker.invokeTestMethods(TestMethodWorker.java:146)
at org.testng.internal.TestMethodWorker.run(TestMethodWorker.java:128)
at java.util.concurrent.ThreadPoolExecutor.runWorker(Unknown Source)
at java.util.concurrent.ThreadPoolExecutor$Worker.run(Unknown Source)
at java.lang.Thread.run(Unknown Source)
]]>
    </error>
  </testcase> <!-- afterMethod -->
  <testcase name="verifyRoomCategoryOperation3" time="0.000" classname="SelectHotelTC.HomePageTC2">
    <skipped/>
  </testcase> <!-- verifyRoomCategoryOperation3 -->
  <testcase name="verifyRoomCategoryOperation5" time="0.000" classname="SelectHotelTC.HomePageTC2">
    <skipped/>
  </testcase> <!-- verifyRoomCategoryOperation5 -->
  <testcase name="verifyRoomCategoryOperation1" time="0.006" classname="SelectHotelTC.HomePageTC2">
    <error type="java.lang.NullPointerException">
      <![CDATA[java.lang.NullPointerException
at SelectHotelTC.HomePageTC2.verifyRoomCategoryOperation1(HomePageTC2.java:22)
at sun.reflect.NativeMethodAccessorImpl.invoke0(Native Method)
at sun.reflect.NativeMethodAccessorImpl.invoke(Unknown Source)
at sun.reflect.DelegatingMethodAccessorImpl.invoke(Unknown Source)
at java.lang.reflect.Method.invoke(Unknown Source)
at org.testng.internal.MethodInvocationHelper.invokeMethod(MethodInvocationHelper.java:133)
at org.testng.internal.TestInvoker.invokeMethod(TestInvoker.java:584)
at org.testng.internal.TestInvoker.invokeTestMethod(TestInvoker.java:172)
at org.testng.internal.MethodRunner.runInSequence(MethodRunner.java:46)
at org.testng.internal.TestInvoker$MethodInvocationAgent.invoke(TestInvoker.java:804)
at org.testng.internal.TestInvoker.invokeTestMethods(TestInvoker.java:145)
at org.testng.internal.TestMethodWorker.invokeTestMethods(TestMethodWorker.java:146)
at org.testng.internal.TestMethodWorker.run(TestMethodWorker.java:128)
at java.util.concurrent.ThreadPoolExecutor.runWorker(Unknown Source)
at java.util.concurrent.ThreadPoolExecutor$Worker.run(Unknown Source)
at java.lang.Thread.run(Unknown Source)
]]>
    </error>
  </testcase> <!-- verifyRoomCategoryOperation1 -->
  <testcase name="verifyRoomCategoryOperation2" time="0.000" classname="SelectHotelTC.HomePageTC2">
    <skipped/>
  </testcase> <!-- verifyRoomCategoryOperation2 -->
</testsuite> <!-- SelectHotelTC.HomePageTC2 -->
